This is pdfTeX, Version 3.141592653-2.6-1.40.24 (TeX Live 2022) (preloaded format=pdflatex 2023.2.20)  3 JAN 2025 17:24
entering extended mode
 \write18 enabled.
 %&-line parsing enabled.
**AbstractAlgebra.tex
(./AbstractAlgebra.tex
LaTeX2e <2022-11-01> patch level 1
L3 programming layer <2023-02-07>
(/usr/local/texlive/2022/texmf-dist/tex/latex/base/article.cls
Document Class: article 2022/07/02 v1.4n Standard LaTeX document class
(/usr/local/texlive/2022/texmf-dist/tex/latex/base/size10.clo
File: size10.clo 2022/07/02 v1.4n Standard LaTeX file (size option)
)
\c@part=\count185
\c@section=\count186
\c@subsection=\count187
\c@subsubsection=\count188
\c@paragraph=\count189
\c@subparagraph=\count190
\c@figure=\count191
\c@table=\count192
\abovecaptionskip=\skip48
\belowcaptionskip=\skip49
\bibindent=\dimen140
)
(/usr/local/texlive/2022/texmf-dist/tex/latex/amsmath/amsmath.sty
Package: amsmath 2022/04/08 v2.17n AMS math features
\@mathmargin=\skip50

For additional information on amsmath, use the `?' option.
(/usr/local/texlive/2022/texmf-dist/tex/latex/amsmath/amstext.sty
Package: amstext 2021/08/26 v2.01 AMS text

(/usr/local/texlive/2022/texmf-dist/tex/latex/amsmath/amsgen.sty
File: amsgen.sty 1999/11/30 v2.0 generic functions
\@emptytoks=\toks16
\ex@=\dimen141
))
(/usr/local/texlive/2022/texmf-dist/tex/latex/amsmath/amsbsy.sty
Package: amsbsy 1999/11/29 v1.2d Bold Symbols
\pmbraise@=\dimen142
)
(/usr/local/texlive/2022/texmf-dist/tex/latex/amsmath/amsopn.sty
Package: amsopn 2022/04/08 v2.04 operator names
)
\inf@bad=\count193
LaTeX Info: Redefining \frac on input line 234.
\uproot@=\count194
\leftroot@=\count195
LaTeX Info: Redefining \overline on input line 399.
LaTeX Info: Redefining \colon on input line 410.
\classnum@=\count196
\DOTSCASE@=\count197
LaTeX Info: Redefining \ldots on input line 496.
LaTeX Info: Redefining \dots on input line 499.
LaTeX Info: Redefining \cdots on input line 620.
\Mathstrutbox@=\box51
\strutbox@=\box52
LaTeX Info: Redefining \big on input line 722.
LaTeX Info: Redefining \Big on input line 723.
LaTeX Info: Redefining \bigg on input line 724.
LaTeX Info: Redefining \Bigg on input line 725.
\big@size=\dimen143
LaTeX Font Info:    Redeclaring font encoding OML on input line 743.
LaTeX Font Info:    Redeclaring font encoding OMS on input line 744.
\macc@depth=\count198
LaTeX Info: Redefining \bmod on input line 905.
LaTeX Info: Redefining \pmod on input line 910.
LaTeX Info: Redefining \smash on input line 940.
LaTeX Info: Redefining \relbar on input line 970.
LaTeX Info: Redefining \Relbar on input line 971.
\c@MaxMatrixCols=\count199
\dotsspace@=\muskip16
\c@parentequation=\count266
\dspbrk@lvl=\count267
\tag@help=\toks17
\row@=\count268
\column@=\count269
\maxfields@=\count270
\andhelp@=\toks18
\eqnshift@=\dimen144
\alignsep@=\dimen145
\tagshift@=\dimen146
\tagwidth@=\dimen147
\totwidth@=\dimen148
\lineht@=\dimen149
\@envbody=\toks19
\multlinegap=\skip51
\multlinetaggap=\skip52
\mathdisplay@stack=\toks20
LaTeX Info: Redefining \[ on input line 2953.
LaTeX Info: Redefining \] on input line 2954.
)
(/usr/local/texlive/2022/texmf-dist/tex/latex/amsfonts/amssymb.sty
Package: amssymb 2013/01/14 v3.01 AMS font symbols

(/usr/local/texlive/2022/texmf-dist/tex/latex/amsfonts/amsfonts.sty
Package: amsfonts 2013/01/14 v3.01 Basic AMSFonts support
\symAMSa=\mathgroup4
\symAMSb=\mathgroup5
LaTeX Font Info:    Redeclaring math symbol \hbar on input line 98.
LaTeX Font Info:    Overwriting math alphabet `\mathfrak' in version `bold'
(Font)                  U/euf/m/n --> U/euf/b/n on input line 106.
))
(/usr/local/texlive/2022/texmf-dist/tex/latex/base/latexsym.sty
Package: latexsym 1998/08/17 v2.2e Standard LaTeX package (lasy symbols)
\symlasy=\mathgroup6
LaTeX Font Info:    Overwriting symbol font `lasy' in version `bold'
(Font)                  U/lasy/m/n --> U/lasy/b/n on input line 52.
)
(/usr/local/texlive/2022/texmf-dist/tex/latex/hyperref/hyperref.sty
Package: hyperref 2023-02-07 v7.00v Hypertext links for LaTeX

(/usr/local/texlive/2022/texmf-dist/tex/generic/ltxcmds/ltxcmds.sty
Package: ltxcmds 2020-05-10 v1.25 LaTeX kernel commands for general use (HO)
)
(/usr/local/texlive/2022/texmf-dist/tex/generic/iftex/iftex.sty
Package: iftex 2022/02/03 v1.0f TeX engine tests
)
(/usr/local/texlive/2022/texmf-dist/tex/generic/pdftexcmds/pdftexcmds.sty
Package: pdftexcmds 2020-06-27 v0.33 Utility functions of pdfTeX for LuaTeX (HO
)

(/usr/local/texlive/2022/texmf-dist/tex/generic/infwarerr/infwarerr.sty
Package: infwarerr 2019/12/03 v1.5 Providing info/warning/error messages (HO)
)
Package pdftexcmds Info: \pdf@primitive is available.
Package pdftexcmds Info: \pdf@ifprimitive is available.
Package pdftexcmds Info: \pdfdraftmode found.
)
(/usr/local/texlive/2022/texmf-dist/tex/latex/graphics/keyval.sty
Package: keyval 2022/05/29 v1.15 key=value parser (DPC)
\KV@toks@=\toks21
)
(/usr/local/texlive/2022/texmf-dist/tex/latex/kvsetkeys/kvsetkeys.sty
Package: kvsetkeys 2022-10-05 v1.19 Key value parser (HO)
)
(/usr/local/texlive/2022/texmf-dist/tex/generic/kvdefinekeys/kvdefinekeys.sty
Package: kvdefinekeys 2019-12-19 v1.6 Define keys (HO)
)
(/usr/local/texlive/2022/texmf-dist/tex/generic/pdfescape/pdfescape.sty
Package: pdfescape 2019/12/09 v1.15 Implements pdfTeX's escape features (HO)
)
(/usr/local/texlive/2022/texmf-dist/tex/latex/hycolor/hycolor.sty
Package: hycolor 2020-01-27 v1.10 Color options for hyperref/bookmark (HO)
)
(/usr/local/texlive/2022/texmf-dist/tex/latex/letltxmacro/letltxmacro.sty
Package: letltxmacro 2019/12/03 v1.6 Let assignment for LaTeX macros (HO)
)
(/usr/local/texlive/2022/texmf-dist/tex/latex/auxhook/auxhook.sty
Package: auxhook 2019-12-17 v1.6 Hooks for auxiliary files (HO)
)
(/usr/local/texlive/2022/texmf-dist/tex/latex/hyperref/nameref.sty
Package: nameref 2022-05-17 v2.50 Cross-referencing by name of section

(/usr/local/texlive/2022/texmf-dist/tex/latex/refcount/refcount.sty
Package: refcount 2019/12/15 v3.6 Data extraction from label references (HO)
)
(/usr/local/texlive/2022/texmf-dist/tex/generic/gettitlestring/gettitlestring.s
ty
Package: gettitlestring 2019/12/15 v1.6 Cleanup title references (HO)
 (/usr/local/texlive/2022/texmf-dist/tex/latex/kvoptions/kvoptions.sty
Package: kvoptions 2022-06-15 v3.15 Key value format for package options (HO)
))
\c@section@level=\count271
)
\@linkdim=\dimen150
\Hy@linkcounter=\count272
\Hy@pagecounter=\count273

(/usr/local/texlive/2022/texmf-dist/tex/latex/hyperref/pd1enc.def
File: pd1enc.def 2023-02-07 v7.00v Hyperref: PDFDocEncoding definition (HO)
Now handling font encoding PD1 ...
... no UTF-8 mapping file for font encoding PD1
)
(/usr/local/texlive/2022/texmf-dist/tex/generic/intcalc/intcalc.sty
Package: intcalc 2019/12/15 v1.3 Expandable calculations with integers (HO)
)
(/usr/local/texlive/2022/texmf-dist/tex/generic/etexcmds/etexcmds.sty
Package: etexcmds 2019/12/15 v1.7 Avoid name clashes with e-TeX commands (HO)
)
\Hy@SavedSpaceFactor=\count274

(/usr/local/texlive/2022/texmf-dist/tex/latex/hyperref/puenc.def
File: puenc.def 2023-02-07 v7.00v Hyperref: PDF Unicode definition (HO)
Now handling font encoding PU ...
... no UTF-8 mapping file for font encoding PU
)
Package hyperref Info: Hyper figures OFF on input line 4177.
Package hyperref Info: Link nesting OFF on input line 4182.
Package hyperref Info: Hyper index ON on input line 4185.
Package hyperref Info: Plain pages OFF on input line 4192.
Package hyperref Info: Backreferencing OFF on input line 4197.
Package hyperref Info: Implicit mode ON; LaTeX internals redefined.
Package hyperref Info: Bookmarks ON on input line 4425.
\c@Hy@tempcnt=\count275

(/usr/local/texlive/2022/texmf-dist/tex/latex/url/url.sty
\Urlmuskip=\muskip17
Package: url 2013/09/16  ver 3.4  Verb mode for urls, etc.
)
LaTeX Info: Redefining \url on input line 4763.
\XeTeXLinkMargin=\dimen151

(/usr/local/texlive/2022/texmf-dist/tex/generic/bitset/bitset.sty
Package: bitset 2019/12/09 v1.3 Handle bit-vector datatype (HO)

(/usr/local/texlive/2022/texmf-dist/tex/generic/bigintcalc/bigintcalc.sty
Package: bigintcalc 2019/12/15 v1.5 Expandable calculations on big integers (HO
)
))
\Fld@menulength=\count276
\Field@Width=\dimen152
\Fld@charsize=\dimen153
Package hyperref Info: Hyper figures OFF on input line 6042.
Package hyperref Info: Link nesting OFF on input line 6047.
Package hyperref Info: Hyper index ON on input line 6050.
Package hyperref Info: backreferencing OFF on input line 6057.
Package hyperref Info: Link coloring OFF on input line 6062.
Package hyperref Info: Link coloring with OCG OFF on input line 6067.
Package hyperref Info: PDF/A mode OFF on input line 6072.

(/usr/local/texlive/2022/texmf-dist/tex/latex/base/atbegshi-ltx.sty
Package: atbegshi-ltx 2021/01/10 v1.0c Emulation of the original atbegshi
package with kernel methods
)
\Hy@abspage=\count277
\c@Item=\count278
\c@Hfootnote=\count279
)
Package hyperref Info: Driver (autodetected): hpdftex.

(/usr/local/texlive/2022/texmf-dist/tex/latex/hyperref/hpdftex.def
File: hpdftex.def 2023-02-07 v7.00v Hyperref driver for pdfTeX

(/usr/local/texlive/2022/texmf-dist/tex/latex/base/atveryend-ltx.sty
Package: atveryend-ltx 2020/08/19 v1.0a Emulation of the original atveryend pac
kage
with kernel methods
)
\Fld@listcount=\count280
\c@bookmark@seq@number=\count281

(/usr/local/texlive/2022/texmf-dist/tex/latex/rerunfilecheck/rerunfilecheck.sty
Package: rerunfilecheck 2022-07-10 v1.10 Rerun checks for auxiliary files (HO)

(/usr/local/texlive/2022/texmf-dist/tex/generic/uniquecounter/uniquecounter.sty
Package: uniquecounter 2019/12/15 v1.4 Provide unlimited unique counter (HO)
)
Package uniquecounter Info: New unique counter `rerunfilecheck' on input line 2
85.
)
\Hy@SectionHShift=\skip53
) (/usr/local/texlive/2022/texmf-dist/tex/latex/easy/easybmat.sty
Document Style `easybmat' v1.0 <2001/06/13>.
(/usr/local/texlive/2022/texmf-dist/tex/latex/easy/easy.sty
Document Style `easy' v1.1 <2001/05/31>.
Package: easy 2001/05/31 v1.1
\@easy@level=\count282
\@easy@ncol=\count283
\@easy@nrow=\count284
\@easy@cnt=\count285
\@easy@boxviii=\box53
\@easy@minxviii=\dimen154
\@easy@minyviii=\dimen155
\@easy@maxxviii=\dimen156
\@easy@maxyviii=\dimen157
\@easy@boxvii=\box54
\@easy@minxvii=\dimen158
\@easy@minyvii=\dimen159
\@easy@maxxvii=\dimen160
\@easy@maxyvii=\dimen161
\@easy@boxvi=\box55
\@easy@minxvi=\dimen162
\@easy@minyvi=\dimen163
\@easy@maxxvi=\dimen164
\@easy@maxyvi=\dimen165
\@easy@boxv=\box56
\@easy@minxv=\dimen166
\@easy@minyv=\dimen167
\@easy@maxxv=\dimen168
\@easy@maxyv=\dimen169
\@easy@boxiv=\box57
\@easy@minxiv=\dimen170
\@easy@minyiv=\dimen171
\@easy@maxxiv=\dimen172
\@easy@maxyiv=\dimen173
\@easy@boxiii=\box58
\@easy@minxiii=\dimen174
\@easy@minyiii=\dimen175
\@easy@maxxiii=\dimen176
\@easy@maxyiii=\dimen177
\@easy@boxii=\box59
\@easy@minxii=\dimen178
\@easy@minyii=\dimen179
\@easy@maxxii=\dimen180
\@easy@maxyii=\dimen181
\@easy@boxi=\box60
\@easy@minxi=\dimen182
\@easy@minyi=\dimen183
\@easy@maxxi=\dimen184
\@easy@maxyi=\dimen185
\@easy@hsizexxx=\dimen186
\@easy@vsizexxx=\dimen187
\@easy@hsizexxix=\dimen188
\@easy@vsizexxix=\dimen189
\@easy@hsizexxviii=\dimen190
\@easy@vsizexxviii=\dimen191
\@easy@hsizexxvii=\dimen192
\@easy@vsizexxvii=\dimen193
\@easy@hsizexxvi=\dimen194
\@easy@vsizexxvi=\dimen195
\@easy@hsizexxv=\dimen196
\@easy@vsizexxv=\dimen197
\@easy@hsizexxiv=\dimen198
\@easy@vsizexxiv=\dimen199
\@easy@hsizexxiii=\dimen256
\@easy@vsizexxiii=\dimen257
\@easy@hsizexxii=\dimen258
\@easy@vsizexxii=\dimen259
\@easy@hsizexxi=\dimen260
\@easy@vsizexxi=\dimen261
\@easy@hsizexx=\dimen262
\@easy@vsizexx=\dimen263
\@easy@hsizexix=\dimen264
\@easy@vsizexix=\dimen265
\@easy@hsizexviii=\dimen266
\@easy@vsizexviii=\dimen267
\@easy@hsizexvii=\dimen268
\@easy@vsizexvii=\dimen269
\@easy@hsizexvi=\dimen270
\@easy@vsizexvi=\dimen271
\@easy@hsizexv=\dimen272
\@easy@vsizexv=\dimen273
\@easy@hsizexiv=\dimen274
\@easy@vsizexiv=\dimen275
\@easy@hsizexiii=\dimen276
\@easy@vsizexiii=\dimen277
\@easy@hsizexii=\dimen278
\@easy@vsizexii=\dimen279
\@easy@hsizexi=\dimen280
\@easy@vsizexi=\dimen281
\@easy@hsizex=\dimen282
\@easy@vsizex=\dimen283
\@easy@hsizeix=\dimen284
\@easy@vsizeix=\dimen285
\@easy@hsizeviii=\dimen286
\@easy@vsizeviii=\dimen287
\@easy@hsizevii=\dimen288
\@easy@vsizevii=\dimen289
\@easy@hsizevi=\dimen290
\@easy@vsizevi=\dimen291
\@easy@hsizev=\dimen292
\@easy@vsizev=\dimen293
\@easy@hsizeiv=\dimen294
\@easy@vsizeiv=\dimen295
\@easy@hsizeiii=\dimen296
\@easy@vsizeiii=\dimen297
\@easy@hsizeii=\dimen298
\@easy@vsizeii=\dimen299
\@easy@hsizei=\dimen300
\@easy@vsizei=\dimen301
\@easy@dash@len=\dimen302
\@easy@dash@sep=\dimen303
)
Package: easybmat 2001/05/31 v1.1
\@bmat@size@rule=\dimen304
\@bmat@size@dash=\dimen305
) (/usr/local/texlive/2022/texmf-dist/tex/latex/graphics/graphicx.sty
Package: graphicx 2021/09/16 v1.2d Enhanced LaTeX Graphics (DPC,SPQR)

(/usr/local/texlive/2022/texmf-dist/tex/latex/graphics/graphics.sty
Package: graphics 2022/03/10 v1.4e Standard LaTeX Graphics (DPC,SPQR)

(/usr/local/texlive/2022/texmf-dist/tex/latex/graphics/trig.sty
Package: trig 2021/08/11 v1.11 sin cos tan (DPC)
)
(/usr/local/texlive/2022/texmf-dist/tex/latex/graphics-cfg/graphics.cfg
File: graphics.cfg 2016/06/04 v1.11 sample graphics configuration
)
Package graphics Info: Driver file: pdftex.def on input line 107.

(/usr/local/texlive/2022/texmf-dist/tex/latex/graphics-def/pdftex.def
File: pdftex.def 2022/09/22 v1.2b Graphics/color driver for pdftex
))
\Gin@req@height=\dimen306
\Gin@req@width=\dimen307
)
(/usr/local/texlive/2022/texmf-dist/tex/latex/multirow/multirow.sty
Package: multirow 2021/03/15 v2.8 Span multiple rows of a table
\multirow@colwidth=\skip54
\multirow@cntb=\count286
\multirow@dima=\skip55
\bigstrutjot=\dimen308
)
(/usr/local/texlive/2022/texmf-dist/tex/latex/multirow/bigdelim.sty
Package: bigdelim 2021/03/15 v2.8 Create big delimiters in tabular or array
)
(/usr/local/texlive/2022/texmf-dist/tex/latex/caption/caption.sty
Package: caption 2022/03/01 v3.6b Customizing captions (AR)

(/usr/local/texlive/2022/texmf-dist/tex/latex/caption/caption3.sty
Package: caption3 2022/03/17 v2.3b caption3 kernel (AR)
\caption@tempdima=\dimen309
\captionmargin=\dimen310
\caption@leftmargin=\dimen311
\caption@rightmargin=\dimen312
\caption@width=\dimen313
\caption@indent=\dimen314
\caption@parindent=\dimen315
\caption@hangindent=\dimen316
Package caption Info: Standard document class detected.
)
\c@caption@flags=\count287
\c@continuedfloat=\count288
Package caption Info: hyperref package is loaded.
)
(/usr/local/texlive/2022/texmf-dist/tex/latex/caption/subcaption.sty
Package: subcaption 2022/01/07 v1.5 Sub-captions (AR)
\c@subfigure=\count289
\c@subtable=\count290
)
Package hyperref Info: Option `colorlinks' set `true' on input line 43.

(/usr/local/texlive/2022/texmf-dist/tex/latex/l3backend/l3backend-pdftex.def
File: l3backend-pdftex.def 2023-01-16 L3 backend support: PDF output (pdfTeX)
\l__color_backend_stack_int=\count291
\l__pdf_internal_box=\box61
)

LaTeX Warning: Unused global option(s):
    [epsf].

(./AbstractAlgebra.aux

LaTeX Warning: Label `detA' multiply defined.


LaTeX Warning: Label `detA' multiply defined.


LaTeX Warning: Label `cofactorExpansion' multiply defined.


LaTeX Warning: Label `cofactorExpansion' multiply defined.

)
\openout1 = `AbstractAlgebra.aux'.

LaTeX Font Info:    Checking defaults for OML/cmm/m/it on input line 77.
LaTeX Font Info:    ... okay on input line 77.
LaTeX Font Info:    Checking defaults for OMS/cmsy/m/n on input line 77.
LaTeX Font Info:    ... okay on input line 77.
LaTeX Font Info:    Checking defaults for OT1/cmr/m/n on input line 77.
LaTeX Font Info:    ... okay on input line 77.
LaTeX Font Info:    Checking defaults for T1/cmr/m/n on input line 77.
LaTeX Font Info:    ... okay on input line 77.
LaTeX Font Info:    Checking defaults for TS1/cmr/m/n on input line 77.
LaTeX Font Info:    ... okay on input line 77.
LaTeX Font Info:    Checking defaults for OMX/cmex/m/n on input line 77.
LaTeX Font Info:    ... okay on input line 77.
LaTeX Font Info:    Checking defaults for U/cmr/m/n on input line 77.
LaTeX Font Info:    ... okay on input line 77.
LaTeX Font Info:    Checking defaults for PD1/pdf/m/n on input line 77.
LaTeX Font Info:    ... okay on input line 77.
LaTeX Font Info:    Checking defaults for PU/pdf/m/n on input line 77.
LaTeX Font Info:    ... okay on input line 77.
 (/usr/local/texlive/2022/texmf-dist/tex/latex/graphics/color.sty
Package: color 2022/01/06 v1.3d Standard LaTeX Color (DPC)

(/usr/local/texlive/2022/texmf-dist/tex/latex/graphics-cfg/color.cfg
File: color.cfg 2016/01/02 v1.6 sample color configuration
)
Package color Info: Driver file: pdftex.def on input line 149.

(/usr/local/texlive/2022/texmf-dist/tex/latex/graphics/mathcolor.ltx))
Package hyperref Info: Link coloring ON on input line 77.

(./AbstractAlgebra.out) (./AbstractAlgebra.out)
\@outlinefile=\write3
\openout3 = `AbstractAlgebra.out'.


(/usr/local/texlive/2022/texmf-dist/tex/context/base/mkii/supp-pdf.mkii
[Loading MPS to PDF converter (version 2006.09.02).]
\scratchcounter=\count292
\scratchdimen=\dimen317
\scratchbox=\box62
\nofMPsegments=\count293
\nofMParguments=\count294
\everyMPshowfont=\toks22
\MPscratchCnt=\count295
\MPscratchDim=\dimen318
\MPnumerator=\count296
\makeMPintoPDFobject=\count297
\everyMPtoPDFconversion=\toks23
) (/usr/local/texlive/2022/texmf-dist/tex/latex/epstopdf-pkg/epstopdf-base.sty
Package: epstopdf-base 2020-01-24 v2.11 Base part for package epstopdf
Package epstopdf-base Info: Redefining graphics rule for `.eps' on input line 4
85.

(/usr/local/texlive/2022/texmf-dist/tex/latex/latexconfig/epstopdf-sys.cfg
File: epstopdf-sys.cfg 2010/07/13 v1.3 Configuration of (r)epstopdf for TeX Liv
e
))
Package caption Info: Begin \AtBeginDocument code.
Package caption Info: End \AtBeginDocument code.

(./mytexdefs.tex
\c@theorem=\count298
) (./Logic.tex
LaTeX Font Info:    Trying to load font information for U+msa on input line 4.

(/usr/local/texlive/2022/texmf-dist/tex/latex/amsfonts/umsa.fd
File: umsa.fd 2013/01/14 v3.01 AMS symbols A
)
LaTeX Font Info:    Trying to load font information for U+msb on input line 4.

(/usr/local/texlive/2022/texmf-dist/tex/latex/amsfonts/umsb.fd
File: umsb.fd 2013/01/14 v3.01 AMS symbols B
)
LaTeX Font Info:    Trying to load font information for U+lasy on input line 4.


(/usr/local/texlive/2022/texmf-dist/tex/latex/base/ulasy.fd
File: ulasy.fd 1998/08/17 v2.2e LaTeX symbol font definitions
)
Underfull \hbox (badness 10000) in paragraph at lines 7--8

 []


Underfull \hbox (badness 10000) in paragraph at lines 15--16

 []

[1

{/usr/local/texlive/2022/texmf-var/fonts/map/pdftex/updmap/pdftex.map}]
Underfull \hbox (badness 10000) in paragraph at lines 37--38

 []


Underfull \hbox (badness 10000) in paragraph at lines 60--64

 []


Underfull \hbox (badness 10000) in paragraph at lines 66--76

 []


Underfull \hbox (badness 10000) in paragraph at lines 66--76

 []

[2]
LaTeX Font Info:    Trying to load font information for U+euf on input line 79.

 (/usr/local/texlive/2022/texmf-dist/tex/latex/amsfonts/ueuf.fd
File: ueuf.fd 2013/01/14 v3.01 Euler Fraktur
) [3]

Package amsmath Warning: Foreign command \over;
(amsmath)                \frac or \genfrac should be used instead
(amsmath)                 on input line 110.


Overfull \hbox (4.59897pt too wide) in paragraph at lines 131--133
[]\OT1/cmr/m/it/10 If the vec-tors $\U/euf/m/n/10 a[]\OML/cmm/m/it/10 ; \U/euf/
m/n/10 a[]\OML/cmm/m/it/10 ; :::; \U/euf/m/n/10 a[]$ \OT1/cmr/m/it/10 are lin-e
arly in-de-pen-dent, and if $\U/euf/m/n/10 b$ \OT1/cmr/m/it/10 is a not a lin-e
ar com-bi-na-tion of $\U/euf/m/n/10 a[]\OML/cmm/m/it/10 ; \U/euf/m/n/10 a[]\OML
/cmm/m/it/10 ; :::; \U/euf/m/n/10 a[]$\OT1/cmr/m/it/10 ,
 []

) (./VectorSpace.tex

Package hyperref Warning: Token not allowed in a PDF string (Unicode):
(hyperref)                removing `math shift' on input line 1.


Package hyperref Warning: Token not allowed in a PDF string (Unicode):
(hyperref)                removing `subscript' on input line 1.


Package hyperref Warning: Token not allowed in a PDF string (Unicode):
(hyperref)                removing `math shift' on input line 1.

[4]
Underfull \hbox (badness 10000) in paragraph at lines 46--47

 []

) (./DotAndCrossProducts.tex [5] [6]) (./ReciprocalSpace.tex [7])
(./LinearSpaces.tex
Underfull \hbox (badness 10000) in paragraph at lines 4--7

 []

[8]
Underfull \hbox (badness 10000) in paragraph at lines 66--67

 []


Underfull \hbox (badness 10000) in paragraph at lines 68--69

 []

[9]
Underfull \hbox (badness 10000) in paragraph at lines 80--81

 []

[10]
Underfull \hbox (badness 10000) in paragraph at lines 145--146

 []


Underfull \hbox (badness 10000) in paragraph at lines 147--151

 []


Underfull \hbox (badness 10000) in paragraph at lines 152--153

 []

[11]
Underfull \hbox (badness 10000) in paragraph at lines 183--184

 []

) (./EquivalenceRelations.tex [12]
Underfull \hbox (badness 10000) in paragraph at lines 13--14

 []


Underfull \hbox (badness 10000) in paragraph at lines 15--18

 []

) (./SubGroups.tex [13]
Underfull \hbox (badness 10000) in paragraph at lines 35--36

 []

) (./FermatLittleTheorem.tex
Underfull \hbox (badness 10000) in paragraph at lines 13--17

 []

[14]) (./ChineseRemainder.tex [15]) (./Fields.tex
Underfull \hbox (badness 10000) in paragraph at lines 10--11

 []

) (./FiniteFields.tex [16] [17]) (./Descartes.tex
Underfull \hbox (badness 10000) in paragraph at lines 3--5

 []


Underfull \hbox (badness 10000) in paragraph at lines 9--10

 []


Underfull \hbox (badness 10000) in paragraph at lines 11--12

 []


Underfull \hbox (badness 10000) in paragraph at lines 20--22

 []

[18]
Underfull \hbox (badness 10000) in paragraph at lines 27--28

 []

) (./Determinants.tex
Underfull \hbox (badness 10000) in paragraph at lines 8--9

 []


Underfull \hbox (badness 10000) in paragraph at lines 23--25

 []

[19]
Underfull \hbox (badness 10000) in paragraph at lines 80--81

 []

[20]
Underfull \hbox (badness 10000) in paragraph at lines 94--95

 []


Underfull \hbox (badness 10000) in paragraph at lines 120--121

 []

[21]
Underfull \hbox (badness 10000) in paragraph at lines 142--143

 []


Underfull \hbox (badness 10000) in paragraph at lines 163--164

 []


Underfull \hbox (badness 10000) in paragraph at lines 183--184

 []

[22]
Underfull \hbox (badness 10000) in paragraph at lines 217--218

 []


LaTeX Warning: Command \j invalid in math mode on input line 224.


Underfull \hbox (badness 10000) in paragraph at lines 241--242

 []

[23]) (./Vandermonde.tex [24]
Underfull \hbox (badness 10000) in paragraph at lines 98--100

 []

[25]) (./Sylvester.tex [26] [27]
Overfull \hbox (21.85297pt too wide) in paragraph at lines 54--54
[]|$[]$|  
 []


Overfull \hbox (24.63075pt too wide) in paragraph at lines 54--54
[]|$[]$|  
 []


Overfull \hbox (21.85297pt too wide) in paragraph at lines 54--54
[]|$[]$|  
 []


Overfull \hbox (24.63075pt too wide) in paragraph at lines 54--54
[]|$[]$|  
 []

[28]) (./Geometry.tex
Underfull \hbox (badness 10000) in paragraph at lines 4--5

 []


Underfull \hbox (badness 10000) in paragraph at lines 10--11

 []


Underfull \hbox (badness 10000) in paragraph at lines 48--49

 []

[29]
Underfull \hbox (badness 10000) in paragraph at lines 68--69

 []


Underfull \hbox (badness 10000) in paragraph at lines 75--77

 []

[30]
Underfull \hbox (badness 10000) in paragraph at lines 89--90

 []


Underfull \hbox (badness 10000) in paragraph at lines 91--93

 []


Underfull \hbox (badness 10000) in paragraph at lines 102--104

 []

[31]
Underfull \hbox (badness 10000) in paragraph at lines 186--189

 []

[32]
Underfull \hbox (badness 10000) in paragraph at lines 225--227

 []

[33]
Underfull \hbox (badness 10000) in paragraph at lines 320--321

 []

[34]
Underfull \hbox (badness 10000) in paragraph at lines 348--349

 []


Underfull \hbox (badness 10000) in paragraph at lines 350--353

 []

[35]
Underfull \hbox (badness 10000) in paragraph at lines 383--386

 []

) (./ApplicationsInMechanics.tex [36]) [37] [38

] (./AbstractAlgebra.aux)

LaTeX Warning: There were multiply-defined labels.


Package rerunfilecheck Warning: File `AbstractAlgebra.out' has changed.
(rerunfilecheck)                Rerun to get outlines right
(rerunfilecheck)                or use package `bookmark'.

Package rerunfilecheck Info: Checksums for `AbstractAlgebra.out':
(rerunfilecheck)             Before: DC675C7703FA765990D90AFE32F54AC7;4813
(rerunfilecheck)             After:  3D453A579B5345877909D05C587417D4;4813.
 ) 
Here is how much of TeX's memory you used:
 11636 strings out of 476029
 186105 string characters out of 5790172
 1882346 words of memory out of 5000000
 31697 multiletter control sequences out of 15000+600000
 522297 words of font info for 71 fonts, out of 8000000 for 9000
 1141 hyphenation exceptions out of 8191
 75i,23n,76p,946b,571s stack positions out of 10000i,1000n,20000p,200000b,200000s

pdfTeX warning (dest): name{equation.7.6} has been referenced but does not exis
t, replaced by a fixed one


pdfTeX warning (dest): name{equation.7.5} has been referenced but does not exis
t, replaced by a fixed one


pdfTeX warning (dest): name{equation.7.2} has been referenced but does not exis
t, replaced by a fixed one


pdfTeX warning (dest): name{equation.7.4} has been referenced but does not exis
t, replaced by a fixed one


pdfTeX warning (dest): name{equation.7.1} has been referenced but does not exis
t, replaced by a fixed one


pdfTeX warning (dest): name{equation.7.3} has been referenced but does not exis
t, replaced by a fixed one

</usr/local/texlive/2022/texmf-dist/fonts/type1/public/amsfonts/cm/cmbx10.pfb><
/usr/local/texlive/2022/texmf-dist/fonts/type1/public/amsfonts/cm/cmbx12.pfb></
usr/local/texlive/2022/texmf-dist/fonts/type1/public/amsfonts/cm/cmex10.pfb></u
sr/local/texlive/2022/texmf-dist/fonts/type1/public/amsfonts/cm/cmmi10.pfb></us
r/local/texlive/2022/texmf-dist/fonts/type1/public/amsfonts/cm/cmmi5.pfb></usr/
local/texlive/2022/texmf-dist/fonts/type1/public/amsfonts/cm/cmmi7.pfb></usr/lo
cal/texlive/2022/texmf-dist/fonts/type1/public/amsfonts/cm/cmr10.pfb></usr/loca
l/texlive/2022/texmf-dist/fonts/type1/public/amsfonts/cm/cmr12.pfb></usr/local/
texlive/2022/texmf-dist/fonts/type1/public/amsfonts/cm/cmr5.pfb></usr/local/tex
live/2022/texmf-dist/fonts/type1/public/amsfonts/cm/cmr7.pfb></usr/local/texliv
e/2022/texmf-dist/fonts/type1/public/amsfonts/cm/cmsy10.pfb></usr/local/texlive
/2022/texmf-dist/fonts/type1/public/amsfonts/cm/cmsy5.pfb></usr/local/texlive/2
022/texmf-dist/fonts/type1/public/amsfonts/cm/cmsy7.pfb></usr/local/texlive/202
2/texmf-dist/fonts/type1/public/amsfonts/cm/cmti10.pfb></usr/local/texlive/2022
/texmf-dist/fonts/type1/public/amsfonts/cm/cmti12.pfb></usr/local/texlive/2022/
texmf-dist/fonts/type1/public/amsfonts/euler/eufm10.pfb></usr/local/texlive/202
2/texmf-dist/fonts/type1/public/amsfonts/euler/eufm7.pfb></usr/local/texlive/20
22/texmf-dist/fonts/type1/public/amsfonts/symbols/msbm10.pfb>
Output written on AbstractAlgebra.pdf (38 pages, 364886 bytes).
PDF statistics:
 568 PDF objects out of 1000 (max. 8388607)
 487 compressed objects within 5 object streams
 177 named destinations out of 1000 (max. 500000)
 217 words of extra memory for PDF output out of 10000 (max. 10000000)

